CRITICAL - 2020-11-27 09:24:02 --> Undefined variable: staff
#0 C:\xampp\htdocs\projectCI\app\Views\Pages\HomePage.php(7): CodeIgniter\Debug\Exceptions->errorHandler(8, 'Undefined varia...', 'C:\\xampp\\htdocs...', 7, Array)
#1 C:\xampp\htdocs\projectCI\vendor\codeigniter4\framework\system\View\View.php(246): include('C:\\xampp\\htdocs...')
#2 C:\xampp\htdocs\projectCI\vendor\codeigniter4\framework\system\Common.php(1119): CodeIgniter\View\View->render('Pages/HomePage', Array, true)
#3 C:\xampp\htdocs\projectCI\app\Controllers\Home.php(22): view('Pages/HomePage', Array)
#4 C:\xampp\htdocs\projectCI\vendor\codeigniter4\framework\system\CodeIgniter.php(918): App\Controllers\Home->index()
#5 C:\xampp\htdocs\projectCI\vendor\codeigniter4\framework\system\CodeIgniter.php(404): CodeIgniter\CodeIgniter->runController(Object(App\Controllers\Home))
#6 C:\xampp\htdocs\projectCI\vendor\codeigniter4\framework\system\CodeIgniter.php(312): CodeIgniter\CodeIgniter->handleRequest(NULL, Object(Config\Cache), false)
#7 C:\xampp\htdocs\projectCI\public\index.php(45): CodeIgniter\CodeIgniter->run()
#8 C:\xampp\htdocs\projectCI\vendor\codeigniter4\framework\system\Commands\Server\rewrite.php(34): require_once('C:\\xampp\\htdocs...')
#9 {main}
CRITICAL - 2020-11-27 09:25:32 --> Undefined variable: staff
#0 C:\xampp\htdocs\projectCI\app\Views\Pages\HomePage.php(7): CodeIgniter\Debug\Exceptions->errorHandler(8, 'Undefined varia...', 'C:\\xampp\\htdocs...', 7, Array)
#1 C:\xampp\htdocs\projectCI\vendor\codeigniter4\framework\system\View\View.php(246): include('C:\\xampp\\htdocs...')
#2 C:\xampp\htdocs\projectCI\vendor\codeigniter4\framework\system\Common.php(1119): CodeIgniter\View\View->render('Pages/HomePage', Array, true)
#3 C:\xampp\htdocs\projectCI\app\Controllers\Home.php(22): view('Pages/HomePage', Array)
#4 C:\xampp\htdocs\projectCI\vendor\codeigniter4\framework\system\CodeIgniter.php(918): App\Controllers\Home->index()
#5 C:\xampp\htdocs\projectCI\vendor\codeigniter4\framework\system\CodeIgniter.php(404): CodeIgniter\CodeIgniter->runController(Object(App\Controllers\Home))
#6 C:\xampp\htdocs\projectCI\vendor\codeigniter4\framework\system\CodeIgniter.php(312): CodeIgniter\CodeIgniter->handleRequest(NULL, Object(Config\Cache), false)
#7 C:\xampp\htdocs\projectCI\public\index.php(45): CodeIgniter\CodeIgniter->run()
#8 C:\xampp\htdocs\projectCI\vendor\codeigniter4\framework\system\Commands\Server\rewrite.php(34): require_once('C:\\xampp\\htdocs...')
#9 {main}
CRITICAL - 2020-11-27 09:25:37 --> Undefined variable: staff
#0 C:\xampp\htdocs\projectCI\app\Views\Pages\HomePage.php(7): CodeIgniter\Debug\Exceptions->errorHandler(8, 'Undefined varia...', 'C:\\xampp\\htdocs...', 7, Array)
#1 C:\xampp\htdocs\projectCI\vendor\codeigniter4\framework\system\View\View.php(246): include('C:\\xampp\\htdocs...')
#2 C:\xampp\htdocs\projectCI\vendor\codeigniter4\framework\system\Common.php(1119): CodeIgniter\View\View->render('Pages/HomePage', Array, true)
#3 C:\xampp\htdocs\projectCI\app\Controllers\Home.php(22): view('Pages/HomePage', Array)
#4 C:\xampp\htdocs\projectCI\vendor\codeigniter4\framework\system\CodeIgniter.php(918): App\Controllers\Home->index()
#5 C:\xampp\htdocs\projectCI\vendor\codeigniter4\framework\system\CodeIgniter.php(404): CodeIgniter\CodeIgniter->runController(Object(App\Controllers\Home))
#6 C:\xampp\htdocs\projectCI\vendor\codeigniter4\framework\system\CodeIgniter.php(312): CodeIgniter\CodeIgniter->handleRequest(NULL, Object(Config\Cache), false)
#7 C:\xampp\htdocs\projectCI\public\index.php(45): CodeIgniter\CodeIgniter->run()
#8 C:\xampp\htdocs\projectCI\vendor\codeigniter4\framework\system\Commands\Server\rewrite.php(34): require_once('C:\\xampp\\htdocs...')
#9 {main}
CRITICAL - 2020-11-27 09:26:08 --> Undefined variable: k
#0 C:\xampp\htdocs\projectCI\app\Views\Pages\HomePage.php(7): CodeIgniter\Debug\Exceptions->errorHandler(8, 'Undefined varia...', 'C:\\xampp\\htdocs...', 7, Array)
#1 C:\xampp\htdocs\projectCI\vendor\codeigniter4\framework\system\View\View.php(246): include('C:\\xampp\\htdocs...')
#2 C:\xampp\htdocs\projectCI\vendor\codeigniter4\framework\system\Common.php(1119): CodeIgniter\View\View->render('Pages/HomePage', Array, true)
#3 C:\xampp\htdocs\projectCI\app\Controllers\Home.php(22): view('Pages/HomePage', Array)
#4 C:\xampp\htdocs\projectCI\vendor\codeigniter4\framework\system\CodeIgniter.php(918): App\Controllers\Home->index()
#5 C:\xampp\htdocs\projectCI\vendor\codeigniter4\framework\system\CodeIgniter.php(404): CodeIgniter\CodeIgniter->runController(Object(App\Controllers\Home))
#6 C:\xampp\htdocs\projectCI\vendor\codeigniter4\framework\system\CodeIgniter.php(312): CodeIgniter\CodeIgniter->handleRequest(NULL, Object(Config\Cache), false)
#7 C:\xampp\htdocs\projectCI\public\index.php(45): CodeIgniter\CodeIgniter->run()
#8 C:\xampp\htdocs\projectCI\vendor\codeigniter4\framework\system\Commands\Server\rewrite.php(34): require_once('C:\\xampp\\htdocs...')
#9 {main}
CRITICAL - 2020-11-27 09:28:54 --> Undefined index: nama
#0 C:\xampp\htdocs\projectCI\app\Views\Pages\HomePage.php(7): CodeIgniter\Debug\Exceptions->errorHandler(8, 'Undefined index...', 'C:\\xampp\\htdocs...', 7, Array)
#1 C:\xampp\htdocs\projectCI\vendor\codeigniter4\framework\system\View\View.php(246): include('C:\\xampp\\htdocs...')
#2 C:\xampp\htdocs\projectCI\vendor\codeigniter4\framework\system\Common.php(1119): CodeIgniter\View\View->render('Pages/HomePage', Array, true)
#3 C:\xampp\htdocs\projectCI\app\Controllers\Home.php(22): view('Pages/HomePage', Array)
#4 C:\xampp\htdocs\projectCI\vendor\codeigniter4\framework\system\CodeIgniter.php(918): App\Controllers\Home->index()
#5 C:\xampp\htdocs\projectCI\vendor\codeigniter4\framework\system\CodeIgniter.php(404): CodeIgniter\CodeIgniter->runController(Object(App\Controllers\Home))
#6 C:\xampp\htdocs\projectCI\vendor\codeigniter4\framework\system\CodeIgniter.php(312): CodeIgniter\CodeIgniter->handleRequest(NULL, Object(Config\Cache), false)
#7 C:\xampp\htdocs\projectCI\public\index.php(45): CodeIgniter\CodeIgniter->run()
#8 C:\xampp\htdocs\projectCI\vendor\codeigniter4\framework\system\Commands\Server\rewrite.php(34): require_once('C:\\xampp\\htdocs...')
#9 {main}
CRITICAL - 2020-11-27 09:36:48 --> syntax error, unexpected end of file
#0 C:\xampp\htdocs\projectCI\vendor\codeigniter4\framework\system\Common.php(1119): CodeIgniter\View\View->render('Pages/HomePage', Array, true)
#1 C:\xampp\htdocs\projectCI\app\Controllers\Home.php(22): view('Pages/HomePage', Array)
#2 C:\xampp\htdocs\projectCI\vendor\codeigniter4\framework\system\CodeIgniter.php(918): App\Controllers\Home->index()
#3 C:\xampp\htdocs\projectCI\vendor\codeigniter4\framework\system\CodeIgniter.php(404): CodeIgniter\CodeIgniter->runController(Object(App\Controllers\Home))
#4 C:\xampp\htdocs\projectCI\vendor\codeigniter4\framework\system\CodeIgniter.php(312): CodeIgniter\CodeIgniter->handleRequest(NULL, Object(Config\Cache), false)
#5 C:\xampp\htdocs\projectCI\public\index.php(45): CodeIgniter\CodeIgniter->run()
#6 C:\xampp\htdocs\projectCI\vendor\codeigniter4\framework\system\Commands\Server\rewrite.php(34): require_once('C:\\xampp\\htdocs...')
#7 {main}
CRITICAL - 2020-11-27 09:37:47 --> Undefined variable: k
#0 C:\xampp\htdocs\projectCI\app\Views\Pages\HomePage.php(8): CodeIgniter\Debug\Exceptions->errorHandler(8, 'Undefined varia...', 'C:\\xampp\\htdocs...', 8, Array)
#1 C:\xampp\htdocs\projectCI\vendor\codeigniter4\framework\system\View\View.php(246): include('C:\\xampp\\htdocs...')
#2 C:\xampp\htdocs\projectCI\vendor\codeigniter4\framework\system\Common.php(1119): CodeIgniter\View\View->render('Pages/HomePage', Array, true)
#3 C:\xampp\htdocs\projectCI\app\Controllers\Home.php(22): view('Pages/HomePage', Array)
#4 C:\xampp\htdocs\projectCI\vendor\codeigniter4\framework\system\CodeIgniter.php(918): App\Controllers\Home->index()
#5 C:\xampp\htdocs\projectCI\vendor\codeigniter4\framework\system\CodeIgniter.php(404): CodeIgniter\CodeIgniter->runController(Object(App\Controllers\Home))
#6 C:\xampp\htdocs\projectCI\vendor\codeigniter4\framework\system\CodeIgniter.php(312): CodeIgniter\CodeIgniter->handleRequest(NULL, Object(Config\Cache), false)
#7 C:\xampp\htdocs\projectCI\public\index.php(45): CodeIgniter\CodeIgniter->run()
#8 C:\xampp\htdocs\projectCI\vendor\codeigniter4\framework\system\Commands\Server\rewrite.php(34): require_once('C:\\xampp\\htdocs...')
#9 {main}
CRITICAL - 2020-11-27 13:33:50 --> Undefined index: nama
#0 C:\xampp\htdocs\projectCI\app\Views\Pages\HomePage.php(9): CodeIgniter\Debug\Exceptions->errorHandler(8, 'Undefined index...', 'C:\\xampp\\htdocs...', 9, Array)
#1 C:\xampp\htdocs\projectCI\vendor\codeigniter4\framework\system\View\View.php(246): include('C:\\xampp\\htdocs...')
#2 C:\xampp\htdocs\projectCI\vendor\codeigniter4\framework\system\Common.php(1119): CodeIgniter\View\View->render('Pages/HomePage', Array, true)
#3 C:\xampp\htdocs\projectCI\app\Controllers\Home.php(22): view('Pages/HomePage', Array)
#4 C:\xampp\htdocs\projectCI\vendor\codeigniter4\framework\system\CodeIgniter.php(918): App\Controllers\Home->index()
#5 C:\xampp\htdocs\projectCI\vendor\codeigniter4\framework\system\CodeIgniter.php(404): CodeIgniter\CodeIgniter->runController(Object(App\Controllers\Home))
#6 C:\xampp\htdocs\projectCI\vendor\codeigniter4\framework\system\CodeIgniter.php(312): CodeIgniter\CodeIgniter->handleRequest(NULL, Object(Config\Cache), false)
#7 C:\xampp\htdocs\projectCI\public\index.php(45): CodeIgniter\CodeIgniter->run()
#8 C:\xampp\htdocs\projectCI\vendor\codeigniter4\framework\system\Commands\Server\rewrite.php(34): require_once('C:\\xampp\\htdocs...')
#9 {main}
CRITICAL - 2020-11-27 13:36:17 --> Undefined index: nama
#0 C:\xampp\htdocs\projectCI\app\Views\Pages\HomePage.php(9): CodeIgniter\Debug\Exceptions->errorHandler(8, 'Undefined index...', 'C:\\xampp\\htdocs...', 9, Array)
#1 C:\xampp\htdocs\projectCI\vendor\codeigniter4\framework\system\View\View.php(246): include('C:\\xampp\\htdocs...')
#2 C:\xampp\htdocs\projectCI\vendor\codeigniter4\framework\system\Common.php(1119): CodeIgniter\View\View->render('Pages/HomePage', Array, true)
#3 C:\xampp\htdocs\projectCI\app\Controllers\Home.php(22): view('Pages/HomePage', Array)
#4 C:\xampp\htdocs\projectCI\vendor\codeigniter4\framework\system\CodeIgniter.php(918): App\Controllers\Home->index()
#5 C:\xampp\htdocs\projectCI\vendor\codeigniter4\framework\system\CodeIgniter.php(404): CodeIgniter\CodeIgniter->runController(Object(App\Controllers\Home))
#6 C:\xampp\htdocs\projectCI\vendor\codeigniter4\framework\system\CodeIgniter.php(312): CodeIgniter\CodeIgniter->handleRequest(NULL, Object(Config\Cache), false)
#7 C:\xampp\htdocs\projectCI\public\index.php(45): CodeIgniter\CodeIgniter->run()
#8 C:\xampp\htdocs\projectCI\vendor\codeigniter4\framework\system\Commands\Server\rewrite.php(34): require_once('C:\\xampp\\htdocs...')
#9 {main}
