CRITICAL - 2020-11-29 06:21:48 --> Undefined index: nama
#0 C:\xampp\htdocs\webprog\app\Views\Pages\OurPeople.php(9): CodeIgniter\Debug\Exceptions->errorHandler(8, 'Undefined index...', 'C:\\xampp\\htdocs...', 9, Array)
#1 C:\xampp\htdocs\webprog\vendor\codeigniter4\framework\system\View\View.php(246): include('C:\\xampp\\htdocs...')
#2 C:\xampp\htdocs\webprog\vendor\codeigniter4\framework\system\Common.php(1119): CodeIgniter\View\View->render('Pages/OurPeople', Array, true)
#3 C:\xampp\htdocs\webprog\app\Controllers\Pages.php(48): view('Pages/OurPeople', Array)
#4 C:\xampp\htdocs\webprog\vendor\codeigniter4\framework\system\CodeIgniter.php(918): App\Controllers\Pages->OurPeople()
#5 C:\xampp\htdocs\webprog\vendor\codeigniter4\framework\system\CodeIgniter.php(404): CodeIgniter\CodeIgniter->runController(Object(App\Controllers\Pages))
#6 C:\xampp\htdocs\webprog\vendor\codeigniter4\framework\system\CodeIgniter.php(312): CodeIgniter\CodeIgniter->handleRequest(NULL, Object(Config\Cache), false)
#7 C:\xampp\htdocs\webprog\public\index.php(45): CodeIgniter\CodeIgniter->run()
#8 C:\xampp\htdocs\webprog\vendor\codeigniter4\framework\system\Commands\Server\rewrite.php(34): require_once('C:\\xampp\\htdocs...')
#9 {main}
CRITICAL - 2020-11-29 11:27:59 --> Undefined variable: k
#0 C:\xampp\htdocs\webprog\app\Views\Pages\OurPeople.php(29): CodeIgniter\Debug\Exceptions->errorHandler(8, 'Undefined varia...', 'C:\\xampp\\htdocs...', 29, Array)
#1 C:\xampp\htdocs\webprog\vendor\codeigniter4\framework\system\View\View.php(246): include('C:\\xampp\\htdocs...')
#2 C:\xampp\htdocs\webprog\vendor\codeigniter4\framework\system\Common.php(1119): CodeIgniter\View\View->render('Pages/OurPeople', Array, true)
#3 C:\xampp\htdocs\webprog\app\Controllers\Pages.php(48): view('Pages/OurPeople', Array)
#4 C:\xampp\htdocs\webprog\vendor\codeigniter4\framework\system\CodeIgniter.php(918): App\Controllers\Pages->OurPeople()
#5 C:\xampp\htdocs\webprog\vendor\codeigniter4\framework\system\CodeIgniter.php(404): CodeIgniter\CodeIgniter->runController(Object(App\Controllers\Pages))
#6 C:\xampp\htdocs\webprog\vendor\codeigniter4\framework\system\CodeIgniter.php(312): CodeIgniter\CodeIgniter->handleRequest(NULL, Object(Config\Cache), false)
#7 C:\xampp\htdocs\webprog\public\index.php(45): CodeIgniter\CodeIgniter->run()
#8 C:\xampp\htdocs\webprog\vendor\codeigniter4\framework\system\Commands\Server\rewrite.php(34): require_once('C:\\xampp\\htdocs...')
#9 {main}
CRITICAL - 2020-11-29 11:42:42 --> Invalid argument supplied for foreach()
#0 C:\xampp\htdocs\webprog\app\Views\Pages\OurPeople.php(24): CodeIgniter\Debug\Exceptions->errorHandler(2, 'Invalid argumen...', 'C:\\xampp\\htdocs...', 24, Array)
#1 C:\xampp\htdocs\webprog\vendor\codeigniter4\framework\system\View\View.php(246): include('C:\\xampp\\htdocs...')
#2 C:\xampp\htdocs\webprog\vendor\codeigniter4\framework\system\Common.php(1119): CodeIgniter\View\View->render('Pages/OurPeople', Array, true)
#3 C:\xampp\htdocs\webprog\app\Controllers\Pages.php(44): view('Pages/OurPeople', Array)
#4 C:\xampp\htdocs\webprog\vendor\codeigniter4\framework\system\CodeIgniter.php(918): App\Controllers\Pages->OurPeople()
#5 C:\xampp\htdocs\webprog\vendor\codeigniter4\framework\system\CodeIgniter.php(404): CodeIgniter\CodeIgniter->runController(Object(App\Controllers\Pages))
#6 C:\xampp\htdocs\webprog\vendor\codeigniter4\framework\system\CodeIgniter.php(312): CodeIgniter\CodeIgniter->handleRequest(NULL, Object(Config\Cache), false)
#7 C:\xampp\htdocs\webprog\public\index.php(45): CodeIgniter\CodeIgniter->run()
#8 C:\xampp\htdocs\webprog\vendor\codeigniter4\framework\system\Commands\Server\rewrite.php(34): require_once('C:\\xampp\\htdocs...')
#9 {main}
CRITICAL - 2020-11-29 11:43:03 --> Too few arguments to function App\Controllers\Pages::Details(), 0 passed in C:\xampp\htdocs\webprog\vendor\codeigniter4\framework\system\CodeIgniter.php on line 918 and exactly 1 expected
#0 C:\xampp\htdocs\webprog\vendor\codeigniter4\framework\system\CodeIgniter.php(918): App\Controllers\Pages->Details()
#1 C:\xampp\htdocs\webprog\vendor\codeigniter4\framework\system\CodeIgniter.php(404): CodeIgniter\CodeIgniter->runController(Object(App\Controllers\Pages))
#2 C:\xampp\htdocs\webprog\vendor\codeigniter4\framework\system\CodeIgniter.php(312): CodeIgniter\CodeIgniter->handleRequest(NULL, Object(Config\Cache), false)
#3 C:\xampp\htdocs\webprog\public\index.php(45): CodeIgniter\CodeIgniter->run()
#4 C:\xampp\htdocs\webprog\vendor\codeigniter4\framework\system\Commands\Server\rewrite.php(34): require_once('C:\\xampp\\htdocs...')
#5 {main}
CRITICAL - 2020-11-29 11:45:38 --> Invalid argument supplied for foreach()
#0 C:\xampp\htdocs\webprog\app\Views\Pages\OurPeople.php(24): CodeIgniter\Debug\Exceptions->errorHandler(2, 'Invalid argumen...', 'C:\\xampp\\htdocs...', 24, Array)
#1 C:\xampp\htdocs\webprog\vendor\codeigniter4\framework\system\View\View.php(246): include('C:\\xampp\\htdocs...')
#2 C:\xampp\htdocs\webprog\vendor\codeigniter4\framework\system\Common.php(1119): CodeIgniter\View\View->render('Pages/OurPeople', Array, true)
#3 C:\xampp\htdocs\webprog\app\Controllers\Pages.php(44): view('Pages/OurPeople', Array)
#4 C:\xampp\htdocs\webprog\vendor\codeigniter4\framework\system\CodeIgniter.php(918): App\Controllers\Pages->OurPeople()
#5 C:\xampp\htdocs\webprog\vendor\codeigniter4\framework\system\CodeIgniter.php(404): CodeIgniter\CodeIgniter->runController(Object(App\Controllers\Pages))
#6 C:\xampp\htdocs\webprog\vendor\codeigniter4\framework\system\CodeIgniter.php(312): CodeIgniter\CodeIgniter->handleRequest(NULL, Object(Config\Cache), false)
#7 C:\xampp\htdocs\webprog\public\index.php(45): CodeIgniter\CodeIgniter->run()
#8 C:\xampp\htdocs\webprog\vendor\codeigniter4\framework\system\Commands\Server\rewrite.php(34): require_once('C:\\xampp\\htdocs...')
#9 {main}
CRITICAL - 2020-11-29 12:13:07 --> Undefined variable: komik
#0 C:\xampp\htdocs\webprog\app\Views\pages\Details.php(12): CodeIgniter\Debug\Exceptions->errorHandler(8, 'Undefined varia...', 'C:\\xampp\\htdocs...', 12, Array)
#1 C:\xampp\htdocs\webprog\vendor\codeigniter4\framework\system\View\View.php(246): include('C:\\xampp\\htdocs...')
#2 C:\xampp\htdocs\webprog\vendor\codeigniter4\framework\system\Common.php(1119): CodeIgniter\View\View->render('Pages/Details', Array, true)
#3 C:\xampp\htdocs\webprog\app\Controllers\Pages.php(88): view('Pages/Details', Array)
#4 C:\xampp\htdocs\webprog\vendor\codeigniter4\framework\system\CodeIgniter.php(918): App\Controllers\Pages->Details('pujianto')
#5 C:\xampp\htdocs\webprog\vendor\codeigniter4\framework\system\CodeIgniter.php(404): CodeIgniter\CodeIgniter->runController(Object(App\Controllers\Pages))
#6 C:\xampp\htdocs\webprog\vendor\codeigniter4\framework\system\CodeIgniter.php(312): CodeIgniter\CodeIgniter->handleRequest(NULL, Object(Config\Cache), false)
#7 C:\xampp\htdocs\webprog\public\index.php(45): CodeIgniter\CodeIgniter->run()
#8 C:\xampp\htdocs\webprog\vendor\codeigniter4\framework\system\Commands\Server\rewrite.php(34): require_once('C:\\xampp\\htdocs...')
#9 {main}
CRITICAL - 2020-11-29 12:13:42 --> Undefined variable: komik
#0 C:\xampp\htdocs\webprog\app\Views\pages\Details.php(12): CodeIgniter\Debug\Exceptions->errorHandler(8, 'Undefined varia...', 'C:\\xampp\\htdocs...', 12, Array)
#1 C:\xampp\htdocs\webprog\vendor\codeigniter4\framework\system\View\View.php(246): include('C:\\xampp\\htdocs...')
#2 C:\xampp\htdocs\webprog\vendor\codeigniter4\framework\system\Common.php(1119): CodeIgniter\View\View->render('Pages/Details', Array, true)
#3 C:\xampp\htdocs\webprog\app\Controllers\Pages.php(88): view('Pages/Details', Array)
#4 C:\xampp\htdocs\webprog\vendor\codeigniter4\framework\system\CodeIgniter.php(918): App\Controllers\Pages->Details('pujianto')
#5 C:\xampp\htdocs\webprog\vendor\codeigniter4\framework\system\CodeIgniter.php(404): CodeIgniter\CodeIgniter->runController(Object(App\Controllers\Pages))
#6 C:\xampp\htdocs\webprog\vendor\codeigniter4\framework\system\CodeIgniter.php(312): CodeIgniter\CodeIgniter->handleRequest(NULL, Object(Config\Cache), false)
#7 C:\xampp\htdocs\webprog\public\index.php(45): CodeIgniter\CodeIgniter->run()
#8 C:\xampp\htdocs\webprog\vendor\codeigniter4\framework\system\Commands\Server\rewrite.php(34): require_once('C:\\xampp\\htdocs...')
#9 {main}
